# JRE version: 7.0_09
# Java VM: OpenJDK 64-Bit Server VM (23.7-b01 mixed mode linux-amd64 compressed oops)
Heap
 PSYoungGen      total 276928K, used 68065K [0x00000007acab0000, 0x00000007cee30000, 0x0000000800000000)
  eden space 254144K, 18% used [0x00000007acab0000,0x00000007af7a05f8,0x00000007bc2e0000)
  from space 22784K, 96% used [0x00000007bc2e0000,0x00000007bd868030,0x00000007bd920000)
  to   space 26176K, 0% used [0x00000007cd4a0000,0x00000007cd4a0000,0x00000007cee30000)
 ParOldGen       total 170688K, used 16581K [0x0000000706000000, 0x00000007106b0000, 0x00000007acab0000)
  object space 170688K, 9% used [0x0000000706000000,0x0000000707031658,0x00000007106b0000)
 PSPermGen       total 22976K, used 22972K [0x00000006fba00000, 0x00000006fd070000, 0x0000000706000000)
  object space 22976K, 99% used [0x00000006fba00000,0x00000006fd06f228,0x00000006fd070000)
GC Heap History (10 events):
Event: 9.075 GC heap before
{Heap before GC invocations=3 (full 0):
 PSYoungGen      total 74688K, used 70976K [0x00000007acab0000, 0x00000007b1e00000, 0x0000000800000000)
  eden space 64064K, 100% used [0x00000007acab0000,0x00000007b0940000,0x00000007b0940000)
  from space 10624K, 65% used [0x00000007b13a0000,0x00000007b1a600b0,0x00000007b1e00000)
  to   space 10624K, 0% used [0x00000007b0940000,0x00000007b0940000,0x00000007b13a0000)
 ParOldGen       total 170688K, used 16K [0x0000000706000000, 0x00000007106b0000, 0x00000007acab0000)
  object space 170688K, 0% used [0x0000000706000000,0x0000000706004000,0x00000007106b0000)
 PSPermGen       total 21632K, used 21592K [0x00000006fba00000, 0x00000006fcf20000, 0x0000000706000000)
  object space 21632K, 99% used [0x00000006fba00000,0x00000006fcf16238,0x00000006fcf20000)
Event: 9.150 GC heap after
Heap after GC invocations=3 (full 0):
 PSYoungGen      total 74688K, used 10592K [0x00000007acab0000, 0x00000007b5c90000, 0x0000000800000000)
  eden space 64064K, 0% used [0x00000007acab0000,0x00000007acab0000,0x00000007b0940000)
  from space 10624K, 99% used [0x00000007b0940000,0x00000007b13981f0,0x00000007b13a0000)
  to   space 10624K, 0% used [0x00000007b5230000,0x00000007b5230000,0x00000007b5c90000)
 ParOldGen       total 170688K, used 2426K [0x0000000706000000, 0x00000007106b0000, 0x00000007acab0000)
  object space 170688K, 1% used [0x0000000706000000,0x000000070625e920,0x00000007106b0000)
 PSPermGen       total 21632K, used 21592K [0x00000006fba00000, 0x00000006fcf20000, 0x0000000706000000)
  object space 21632K, 99% used [0x00000006fba00000,0x00000006fcf16238,0x00000006fcf20000)
}
Event: 10.942 GC heap before
{Heap before GC invocations=4 (full 0):
 PSYoungGen      total 74688K, used 74656K [0x00000007acab0000, 0x00000007b5c90000, 0x0000000800000000)
  eden space 64064K, 100% used [0x00000007acab0000,0x00000007b0940000,0x00000007b0940000)
  from space 10624K, 99% used [0x00000007b0940000,0x00000007b13981f0,0x00000007b13a0000)
  to   space 10624K, 0% used [0x00000007b5230000,0x00000007b5230000,0x00000007b5c90000)
 ParOldGen       total 170688K, used 2426K [0x0000000706000000, 0x00000007106b0000, 0x00000007acab0000)
  object space 170688K, 1% used [0x0000000706000000,0x000000070625e920,0x00000007106b0000)
 PSPermGen       total 22592K, used 22557K [0x00000006fba00000, 0x00000006fd010000, 0x0000000706000000)
  object space 22592K, 99% used [0x00000006fba00000,0x00000006fd007428,0x00000006fd010000)
Event: 11.000 GC heap after
Heap after GC invocations=4 (full 0):
 PSYoungGen      total 138752K, used 10592K [0x00000007acab0000, 0x00000007b5c90000, 0x0000000800000000)
  eden space 128128K, 0% used [0x00000007acab0000,0x00000007acab0000,0x00000007b47d0000)
  from space 10624K, 99% used [0x00000007b5230000,0x00000007b5c88140,0x00000007b5c90000)
  to   space 10624K, 0% used [0x00000007b47d0000,0x00000007b47d0000,0x00000007b5230000)
 ParOldGen       total 170688K, used 5446K [0x0000000706000000, 0x00000007106b0000, 0x00000007acab0000)
  object space 170688K, 3% used [0x0000000706000000,0x0000000706551b98,0x00000007106b0000)
 PSPermGen       total 22592K, used 22557K [0x00000006fba00000, 0x00000006fd010000, 0x0000000706000000)
  object space 22592K, 99% used [0x00000006fba00000,0x00000006fd007428,0x00000006fd010000)
}
Event: 12.779 GC heap before
{Heap before GC invocations=5 (full 0):
 PSYoungGen      total 138752K, used 138720K [0x00000007acab0000, 0x00000007b5c90000, 0x0000000800000000)
  eden space 128128K, 100% used [0x00000007acab0000,0x00000007b47d0000,0x00000007b47d0000)
  from space 10624K, 99% used [0x00000007b5230000,0x00000007b5c88140,0x00000007b5c90000)
  to   space 10624K, 0% used [0x00000007b47d0000,0x00000007b47d0000,0x00000007b5230000)
 ParOldGen       total 170688K, used 5446K [0x0000000706000000, 0x00000007106b0000, 0x00000007acab0000)
  object space 170688K, 3% used [0x0000000706000000,0x0000000706551b98,0x00000007106b0000)
 PSPermGen       total 22784K, used 22715K [0x00000006fba00000, 0x00000006fd040000, 0x0000000706000000)
  object space 22784K, 99% used [0x00000006fba00000,0x00000006fd02ede0,0x00000006fd040000)
Event: 12.807 GC heap after
Heap after GC invocations=5 (full 0):
 PSYoungGen      total 138752K, used 10592K [0x00000007acab0000, 0x00000007bed50000, 0x0000000800000000)
  eden space 128128K, 0% used [0x00000007acab0000,0x00000007acab0000,0x00000007b47d0000)
  from space 10624K, 99% used [0x00000007b47d0000,0x00000007b5228080,0x00000007b5230000)
  to   space 20672K, 0% used [0x00000007bd920000,0x00000007bd920000,0x00000007bed50000)
 ParOldGen       total 170688K, used 12691K [0x0000000706000000, 0x00000007106b0000, 0x00000007acab0000)
  object space 170688K, 7% used [0x0000000706000000,0x0000000706c64c88,0x00000007106b0000)
 PSPermGen       total 22784K, used 22715K [0x00000006fba00000, 0x00000006fd040000, 0x0000000706000000)
  object space 22784K, 99% used [0x00000006fba00000,0x00000006fd02ede0,0x00000006fd040000)
}
Event: 14.157 GC heap before
{Heap before GC invocations=6 (full 0):
 PSYoungGen      total 138752K, used 138720K [0x00000007acab0000, 0x00000007bed50000, 0x0000000800000000)
  eden space 128128K, 100% used [0x00000007acab0000,0x00000007b47d0000,0x00000007b47d0000)
  from space 10624K, 99% used [0x00000007b47d0000,0x00000007b5228080,0x00000007b5230000)
  to   space 20672K, 0% used [0x00000007bd920000,0x00000007bd920000,0x00000007bed50000)
 ParOldGen       total 170688K, used 12691K [0x0000000706000000, 0x00000007106b0000, 0x00000007acab0000)
  object space 170688K, 7% used [0x0000000706000000,0x0000000706c64c88,0x00000007106b0000)
 PSPermGen       total 22784K, used 22759K [0x00000006fba00000, 0x00000006fd040000, 0x0000000706000000)
  object space 22784K, 99% used [0x00000006fba00000,0x00000006fd039f30,0x00000006fd040000)
Event: 14.212 GC heap after
Heap after GC invocations=6 (full 0):
 PSYoungGen      total 274816K, used 17696K [0x00000007acab0000, 0x00000007bf170000, 0x0000000800000000)
  eden space 254144K, 0% used [0x00000007acab0000,0x00000007acab0000,0x00000007bc2e0000)
  from space 20672K, 85% used [0x00000007bd920000,0x00000007bea680a0,0x00000007bed50000)
  to   space 22784K, 0% used [0x00000007bc2e0000,0x00000007bc2e0000,0x00000007bd920000)
 ParOldGen       total 170688K, used 12699K [0x0000000706000000, 0x00000007106b0000, 0x00000007acab0000)
  object space 170688K, 7% used [0x0000000706000000,0x0000000706c66c88,0x00000007106b0000)
 PSPermGen       total 22784K, used 22759K [0x00000006fba00000, 0x00000006fd040000, 0x0000000706000000)
  object space 22784K, 99% used [0x00000006fba00000,0x00000006fd039f30,0x00000006fd040000)
}
Event: 16.253 GC heap before
{Heap before GC invocations=7 (full 0):
 PSYoungGen      total 274816K, used 271840K [0x00000007acab0000, 0x00000007bf170000, 0x0000000800000000)
  eden space 254144K, 100% used [0x00000007acab0000,0x00000007bc2e0000,0x00000007bc2e0000)
  from space 20672K, 85% used [0x00000007bd920000,0x00000007bea680a0,0x00000007bed50000)
  to   space 22784K, 0% used [0x00000007bc2e0000,0x00000007bc2e0000,0x00000007bd920000)
 ParOldGen       total 170688K, used 12699K [0x0000000706000000, 0x00000007106b0000, 0x00000007acab0000)
  object space 170688K, 7% used [0x0000000706000000,0x0000000706c66c88,0x00000007106b0000)
 PSPermGen       total 22976K, used 22820K [0x00000006fba00000, 0x00000006fd070000, 0x0000000706000000)
  object space 22976K, 99% used [0x00000006fba00000,0x00000006fd049108,0x00000006fd070000)
Event: 16.291 GC heap after
Heap after GC invocations=7 (full 0):
 PSYoungGen      total 276928K, used 22048K [0x00000007acab0000, 0x00000007cee30000, 0x0000000800000000)
  eden space 254144K, 0% used [0x00000007acab0000,0x00000007acab0000,0x00000007bc2e0000)
  from space 22784K, 96% used [0x00000007bc2e0000,0x00000007bd868030,0x00000007bd920000)
  to   space 26176K, 0% used [0x00000007cd4a0000,0x00000007cd4a0000,0x00000007cee30000)
 ParOldGen       total 170688K, used 16581K [0x0000000706000000, 0x00000007106b0000, 0x00000007acab0000)
  object space 170688K, 9% used [0x0000000706000000,0x0000000707031658,0x00000007106b0000)
 PSPermGen       total 22976K, used 22820K [0x00000006fba00000, 0x00000006fd070000, 0x0000000706000000)
  object space 22976K, 99% used [0x00000006fba00000,0x00000006fd049108,0x00000006fd070000)
}

